running egg_info
writing ../../build/key_comm/key_comm.egg-info/PKG-INFO
writing dependency_links to ../../build/key_comm/key_comm.egg-info/dependency_links.txt
writing entry points to ../../build/key_comm/key_comm.egg-info/entry_points.txt
writing requirements to ../../build/key_comm/key_comm.egg-info/requires.txt
writing top-level names to ../../build/key_comm/key_comm.egg-info/top_level.txt
reading manifest file '../../build/key_comm/key_comm.egg-info/SOURCES.txt'
writing manifest file '../../build/key_comm/key_comm.egg-info/SOURCES.txt'
running build
running build_py
running install
running install_lib
running install_data
running install_egg_info
removing '/home/daniel/ros2_ws_v2/src/ros2_keypress/install/key_comm/lib/python3.12/site-packages/key_comm-0.0.0-py3.12.egg-info' (and everything under it)
Copying ../../build/key_comm/key_comm.egg-info to /home/daniel/ros2_ws_v2/src/ros2_keypress/install/key_comm/lib/python3.12/site-packages/key_comm-0.0.0-py3.12.egg-info
running install_scripts
Installing key_listener script to /home/daniel/ros2_ws_v2/src/ros2_keypress/install/key_comm/lib/key_comm
Installing key_publisher script to /home/daniel/ros2_ws_v2/src/ros2_keypress/install/key_comm/lib/key_comm
writing list of installed files to '/home/daniel/ros2_ws_v2/src/ros2_keypress/build/key_comm/install.log'
