[7.538s] Invoking command in '/home/daniel/ros2_ws_v2/src/ros2_keypress/src/key_comm': DEBUGINFOD_URLS=https://debuginfod.ubuntu.com PYTHONPATH=/home/daniel/ros2_ws_v2/src/ros2_keypress/build/key_comm/prefix_override:/usr/lib/python3/dist-packages/colcon_core/task/python/colcon_distutils_commands:/home/daniel/ros2_ws_v2/src/ros2_keypress/install/key_comm/lib/python3.12/site-packages:${PYTHONPATH} /usr/bin/python3 -W ignore:setup.py install is deprecated -W ignore:easy_install command is deprecated setup.py egg_info --egg-base ../../build/key_comm build --build-base /home/daniel/ros2_ws_v2/src/ros2_keypress/build/key_comm/build install --record /home/daniel/ros2_ws_v2/src/ros2_keypress/build/key_comm/install.log --single-version-externally-managed install_data
[8.167s] running egg_info
[8.168s] creating ../../build/key_comm/key_comm.egg-info
[8.211s] writing ../../build/key_comm/key_comm.egg-info/PKG-INFO
[8.212s] writing dependency_links to ../../build/key_comm/key_comm.egg-info/dependency_links.txt
[8.212s] writing entry points to ../../build/key_comm/key_comm.egg-info/entry_points.txt
[8.212s] writing requirements to ../../build/key_comm/key_comm.egg-info/requires.txt
[8.213s] writing top-level names to ../../build/key_comm/key_comm.egg-info/top_level.txt
[8.213s] writing manifest file '../../build/key_comm/key_comm.egg-info/SOURCES.txt'
[8.300s] reading manifest file '../../build/key_comm/key_comm.egg-info/SOURCES.txt'
[8.301s] writing manifest file '../../build/key_comm/key_comm.egg-info/SOURCES.txt'
[8.301s] running build
[8.302s] running build_py
[8.302s] creating /home/daniel/ros2_ws_v2/src/ros2_keypress/build/key_comm/build
[8.303s] creating /home/daniel/ros2_ws_v2/src/ros2_keypress/build/key_comm/build/lib
[8.303s] creating /home/daniel/ros2_ws_v2/src/ros2_keypress/build/key_comm/build/lib/key_comm
[8.303s] copying key_comm/key_publisher.py -> /home/daniel/ros2_ws_v2/src/ros2_keypress/build/key_comm/build/lib/key_comm
[8.304s] copying key_comm/__init__.py -> /home/daniel/ros2_ws_v2/src/ros2_keypress/build/key_comm/build/lib/key_comm
[8.304s] copying key_comm/key_listener.py -> /home/daniel/ros2_ws_v2/src/ros2_keypress/build/key_comm/build/lib/key_comm
[8.304s] running install
[8.314s] running install_lib
[8.362s] creating /home/daniel/ros2_ws_v2/src/ros2_keypress/install/key_comm/lib/python3.12/site-packages/key_comm
[8.362s] copying /home/daniel/ros2_ws_v2/src/ros2_keypress/build/key_comm/build/lib/key_comm/key_publisher.py -> /home/daniel/ros2_ws_v2/src/ros2_keypress/install/key_comm/lib/python3.12/site-packages/key_comm
[8.362s] copying /home/daniel/ros2_ws_v2/src/ros2_keypress/build/key_comm/build/lib/key_comm/__init__.py -> /home/daniel/ros2_ws_v2/src/ros2_keypress/install/key_comm/lib/python3.12/site-packages/key_comm
[8.363s] copying /home/daniel/ros2_ws_v2/src/ros2_keypress/build/key_comm/build/lib/key_comm/key_listener.py -> /home/daniel/ros2_ws_v2/src/ros2_keypress/install/key_comm/lib/python3.12/site-packages/key_comm
[8.363s] byte-compiling /home/daniel/ros2_ws_v2/src/ros2_keypress/install/key_comm/lib/python3.12/site-packages/key_comm/key_publisher.py to key_publisher.cpython-312.pyc
[8.363s] byte-compiling /home/daniel/ros2_ws_v2/src/ros2_keypress/install/key_comm/lib/python3.12/site-packages/key_comm/__init__.py to __init__.cpython-312.pyc
[8.364s] byte-compiling /home/daniel/ros2_ws_v2/src/ros2_keypress/install/key_comm/lib/python3.12/site-packages/key_comm/key_listener.py to key_listener.cpython-312.pyc
[8.364s] running install_data
[8.364s] creating /home/daniel/ros2_ws_v2/src/ros2_keypress/install/key_comm/share/ament_index
[8.365s] creating /home/daniel/ros2_ws_v2/src/ros2_keypress/install/key_comm/share/ament_index/resource_index
[8.365s] creating /home/daniel/ros2_ws_v2/src/ros2_keypress/install/key_comm/share/ament_index/resource_index/packages
[8.365s] copying resource/key_comm -> /home/daniel/ros2_ws_v2/src/ros2_keypress/install/key_comm/share/ament_index/resource_index/packages
[8.365s] copying package.xml -> /home/daniel/ros2_ws_v2/src/ros2_keypress/install/key_comm/share/key_comm
[8.366s] running install_egg_info
[8.408s] Copying ../../build/key_comm/key_comm.egg-info to /home/daniel/ros2_ws_v2/src/ros2_keypress/install/key_comm/lib/python3.12/site-packages/key_comm-0.0.0-py3.12.egg-info
[8.409s] running install_scripts
[8.681s] Installing key_listener script to /home/daniel/ros2_ws_v2/src/ros2_keypress/install/key_comm/lib/key_comm
[8.682s] Installing key_publisher script to /home/daniel/ros2_ws_v2/src/ros2_keypress/install/key_comm/lib/key_comm
[8.682s] writing list of installed files to '/home/daniel/ros2_ws_v2/src/ros2_keypress/build/key_comm/install.log'
[8.759s] Invoked command in '/home/daniel/ros2_ws_v2/src/ros2_keypress/src/key_comm' returned '0': DEBUGINFOD_URLS=https://debuginfod.ubuntu.com PYTHONPATH=/home/daniel/ros2_ws_v2/src/ros2_keypress/build/key_comm/prefix_override:/usr/lib/python3/dist-packages/colcon_core/task/python/colcon_distutils_commands:/home/daniel/ros2_ws_v2/src/ros2_keypress/install/key_comm/lib/python3.12/site-packages:${PYTHONPATH} /usr/bin/python3 -W ignore:setup.py install is deprecated -W ignore:easy_install command is deprecated setup.py egg_info --egg-base ../../build/key_comm build --build-base /home/daniel/ros2_ws_v2/src/ros2_keypress/build/key_comm/build install --record /home/daniel/ros2_ws_v2/src/ros2_keypress/build/key_comm/install.log --single-version-externally-managed install_data
