[0.813s] DEBUG:colcon:Command line arguments: ['/usr/bin/colcon', 'build']
[0.814s] DEBUG:colcon:Parsed command line arguments: Namespace(log_base=None, log_level=None, verb_name='build', build_base='build', install_base='install', merge_install=False, symlink_install=False, test_result_base=None, continue_on_error=False, executor='parallel', parallel_workers=2, event_handlers=None, ignore_user_meta=False, metas=['./colcon.meta'], base_paths=['.'], packages_ignore=None, packages_ignore_regex=None, paths=None, packages_up_to=None, packages_up_to_regex=None, packages_above=None, packages_above_and_dependencies=None, packages_above_depth=None, packages_select_by_dep=None, packages_skip_by_dep=None, packages_skip_up_to=None, packages_select_build_failed=False, packages_skip_build_finished=False, packages_select_test_failures=False, packages_skip_test_passed=False, packages_select=None, packages_skip=None, packages_select_regex=None, packages_skip_regex=None, packages_start=None, packages_end=None, allow_overriding=[], cmake_args=None, cmake_target=None, cmake_target_skip_unavailable=False, cmake_clean_cache=False, cmake_clean_first=False, cmake_force_configure=False, ament_cmake_args=None, catkin_cmake_args=None, catkin_skip_building_tests=False, mixin_files=None, mixin=None, verb_parser=<colcon_mixin.mixin.mixin_argument.MixinArgumentDecorator object at 0x7d2f40facaa0>, verb_extension=<colcon_core.verb.build.BuildVerb object at 0x7d2f40fac590>, main=<bound method BuildVerb.main of <colcon_core.verb.build.BuildVerb object at 0x7d2f40fac590>>, mixin_verb=('build',))
[1.062s] Level 1:colcon.colcon_core.package_discovery:discover_packages(colcon_meta) check parameters
[1.063s] Level 1:colcon.colcon_core.package_discovery:discover_packages(recursive) check parameters
[1.063s] Level 1:colcon.colcon_core.package_discovery:discover_packages(ignore) check parameters
[1.063s] Level 1:colcon.colcon_core.package_discovery:discover_packages(path) check parameters
[1.063s] Level 1:colcon.colcon_core.package_discovery:discover_packages(colcon_meta) discover
[1.063s] Level 1:colcon.colcon_core.package_discovery:discover_packages(recursive) discover
[1.063s] INFO:colcon.colcon_core.package_discovery:Crawling recursively for packages in '/home/daniel/ros2_ws_v2/src/ros2_keypress'
[1.063s] Level 1:colcon.colcon_core.package_identification:_identify(.) by extensions ['ignore', 'ignore_ament_install']
[1.063s] Level 1:colcon.colcon_core.package_identification:_identify(.) by extension 'ignore'
[1.063s] Level 1:colcon.colcon_core.package_identification:_identify(.) by extension 'ignore_ament_install'
[1.063s] Level 1:colcon.colcon_core.package_identification:_identify(.) by extensions ['colcon_pkg']
[1.063s] Level 1:colcon.colcon_core.package_identification:_identify(.) by extension 'colcon_pkg'
[1.064s] Level 1:colcon.colcon_core.package_identification:_identify(.) by extensions ['colcon_meta']
[1.064s] Level 1:colcon.colcon_core.package_identification:_identify(.) by extension 'colcon_meta'
[1.064s] Level 1:colcon.colcon_core.package_identification:_identify(.) by extensions ['ros']
[1.064s] Level 1:colcon.colcon_core.package_identification:_identify(.) by extension 'ros'
[1.116s] Level 1:colcon.colcon_core.package_identification:_identify(.) by extensions ['cmake', 'python']
[1.117s] Level 1:colcon.colcon_core.package_identification:_identify(.) by extension 'cmake'
[1.117s] Level 1:colcon.colcon_core.package_identification:_identify(.) by extension 'python'
[1.117s] Level 1:colcon.colcon_core.package_identification:_identify(.) by extensions ['python_setup_py']
[1.117s] Level 1:colcon.colcon_core.package_identification:_identify(.) by extension 'python_setup_py'
[1.117s] Level 1:colcon.colcon_core.package_identification:_identify(build) by extensions ['ignore', 'ignore_ament_install']
[1.117s] Level 1:colcon.colcon_core.package_identification:_identify(build) by extension 'ignore'
[1.117s] Level 1:colcon.colcon_core.package_identification:_identify(build) ignored
[1.118s] Level 1:colcon.colcon_core.package_identification:_identify(install) by extensions ['ignore', 'ignore_ament_install']
[1.118s] Level 1:colcon.colcon_core.package_identification:_identify(install) by extension 'ignore'
[1.118s] Level 1:colcon.colcon_core.package_identification:_identify(install) ignored
[1.118s] Level 1:colcon.colcon_core.package_identification:_identify(log) by extensions ['ignore', 'ignore_ament_install']
[1.118s] Level 1:colcon.colcon_core.package_identification:_identify(log) by extension 'ignore'
[1.118s] Level 1:colcon.colcon_core.package_identification:_identify(log) ignored
[1.118s] Level 1:colcon.colcon_core.package_identification:_identify(src) by extensions ['ignore', 'ignore_ament_install']
[1.118s] Level 1:colcon.colcon_core.package_identification:_identify(src) by extension 'ignore'
[1.118s] Level 1:colcon.colcon_core.package_identification:_identify(src) by extension 'ignore_ament_install'
[1.119s] Level 1:colcon.colcon_core.package_identification:_identify(src) by extensions ['colcon_pkg']
[1.119s] Level 1:colcon.colcon_core.package_identification:_identify(src) by extension 'colcon_pkg'
[1.119s] Level 1:colcon.colcon_core.package_identification:_identify(src) by extensions ['colcon_meta']
[1.119s] Level 1:colcon.colcon_core.package_identification:_identify(src) by extension 'colcon_meta'
[1.119s] Level 1:colcon.colcon_core.package_identification:_identify(src) by extensions ['ros']
[1.119s] Level 1:colcon.colcon_core.package_identification:_identify(src) by extension 'ros'
[1.119s] Level 1:colcon.colcon_core.package_identification:_identify(src) by extensions ['cmake', 'python']
[1.119s] Level 1:colcon.colcon_core.package_identification:_identify(src) by extension 'cmake'
[1.119s] Level 1:colcon.colcon_core.package_identification:_identify(src) by extension 'python'
[1.119s] Level 1:colcon.colcon_core.package_identification:_identify(src) by extensions ['python_setup_py']
[1.119s] Level 1:colcon.colcon_core.package_identification:_identify(src) by extension 'python_setup_py'
[1.119s] Level 1:colcon.colcon_core.package_identification:_identify(src/key_comm) by extensions ['ignore', 'ignore_ament_install']
[1.120s] Level 1:colcon.colcon_core.package_identification:_identify(src/key_comm) by extension 'ignore'
[1.120s] Level 1:colcon.colcon_core.package_identification:_identify(src/key_comm) by extension 'ignore_ament_install'
[1.120s] Level 1:colcon.colcon_core.package_identification:_identify(src/key_comm) by extensions ['colcon_pkg']
[1.120s] Level 1:colcon.colcon_core.package_identification:_identify(src/key_comm) by extension 'colcon_pkg'
[1.120s] Level 1:colcon.colcon_core.package_identification:_identify(src/key_comm) by extensions ['colcon_meta']
[1.120s] Level 1:colcon.colcon_core.package_identification:_identify(src/key_comm) by extension 'colcon_meta'
[1.120s] Level 1:colcon.colcon_core.package_identification:_identify(src/key_comm) by extensions ['ros']
[1.120s] Level 1:colcon.colcon_core.package_identification:_identify(src/key_comm) by extension 'ros'
[1.142s] DEBUG:colcon.colcon_core.package_identification:Package 'src/key_comm' with type 'ros.ament_python' and name 'key_comm'
[1.142s] Level 1:colcon.colcon_core.package_discovery:discover_packages(recursive) using defaults
[1.142s] Level 1:colcon.colcon_core.package_discovery:discover_packages(ignore) discover
[1.142s] Level 1:colcon.colcon_core.package_discovery:discover_packages(ignore) using defaults
[1.142s] Level 1:colcon.colcon_core.package_discovery:discover_packages(path) discover
[1.143s] Level 1:colcon.colcon_core.package_discovery:discover_packages(path) using defaults
[1.330s] Level 1:colcon.colcon_core.package_discovery:discover_packages(prefix_path) check parameters
[1.330s] Level 1:colcon.colcon_core.package_discovery:discover_packages(prefix_path) discover
[1.344s] DEBUG:colcon.colcon_installed_package_information.package_discovery:Found 434 installed packages in /opt/ros/jazzy
[1.348s] Level 1:colcon.colcon_core.package_discovery:discover_packages(prefix_path) using defaults
[1.478s] Level 5:colcon.colcon_core.verb:set package 'key_comm' build argument 'cmake_args' from command line to 'None'
[1.478s] Level 5:colcon.colcon_core.verb:set package 'key_comm' build argument 'cmake_target' from command line to 'None'
[1.478s] Level 5:colcon.colcon_core.verb:set package 'key_comm' build argument 'cmake_target_skip_unavailable' from command line to 'False'
[1.478s] Level 5:colcon.colcon_core.verb:set package 'key_comm' build argument 'cmake_clean_cache' from command line to 'False'
[1.478s] Level 5:colcon.colcon_core.verb:set package 'key_comm' build argument 'cmake_clean_first' from command line to 'False'
[1.478s] Level 5:colcon.colcon_core.verb:set package 'key_comm' build argument 'cmake_force_configure' from command line to 'False'
[1.478s] Level 5:colcon.colcon_core.verb:set package 'key_comm' build argument 'ament_cmake_args' from command line to 'None'
[1.478s] Level 5:colcon.colcon_core.verb:set package 'key_comm' build argument 'catkin_cmake_args' from command line to 'None'
[1.478s] Level 5:colcon.colcon_core.verb:set package 'key_comm' build argument 'catkin_skip_building_tests' from command line to 'False'
[1.478s] DEBUG:colcon.colcon_core.verb:Building package 'key_comm' with the following arguments: {'ament_cmake_args': None, 'build_base': '/home/daniel/ros2_ws_v2/src/ros2_keypress/build/key_comm', 'catkin_cmake_args': None, 'catkin_skip_building_tests': False, 'cmake_args': None, 'cmake_clean_cache': False, 'cmake_clean_first': False, 'cmake_force_configure': False, 'cmake_target': None, 'cmake_target_skip_unavailable': False, 'install_base': '/home/daniel/ros2_ws_v2/src/ros2_keypress/install/key_comm', 'merge_install': False, 'path': '/home/daniel/ros2_ws_v2/src/ros2_keypress/src/key_comm', 'symlink_install': False, 'test_result_base': None}
[1.478s] INFO:colcon.colcon_core.executor:Executing jobs using 'parallel' executor
[1.480s] DEBUG:colcon.colcon_parallel_executor.executor.parallel:run_until_complete
[1.481s] INFO:colcon.colcon_ros.task.ament_python.build:Building ROS package in '/home/daniel/ros2_ws_v2/src/ros2_keypress/src/key_comm' with build type 'ament_python'
[1.481s] Level 1:colcon.colcon_core.shell:create_environment_hook('key_comm', 'ament_prefix_path')
[1.522s] INFO:colcon.colcon_core.plugin_system:Skipping extension 'colcon_core.shell.bat': Not used on non-Windows systems
[1.523s] INFO:colcon.colcon_core.shell:Creating environment hook '/home/daniel/ros2_ws_v2/src/ros2_keypress/install/key_comm/share/key_comm/hook/ament_prefix_path.ps1'
[1.540s] INFO:colcon.colcon_core.shell:Creating environment descriptor '/home/daniel/ros2_ws_v2/src/ros2_keypress/install/key_comm/share/key_comm/hook/ament_prefix_path.dsv'
[1.556s] INFO:colcon.colcon_core.shell:Creating environment hook '/home/daniel/ros2_ws_v2/src/ros2_keypress/install/key_comm/share/key_comm/hook/ament_prefix_path.sh'
[1.559s] INFO:colcon.colcon_core.shell:Skip shell extension 'powershell' for command environment: Not usable outside of PowerShell
[1.559s] DEBUG:colcon.colcon_core.shell:Skip shell extension 'dsv' for command environment
[2.129s] INFO:colcon.colcon_core.task.python.build:Building Python package in '/home/daniel/ros2_ws_v2/src/ros2_keypress/src/key_comm'
[2.129s] INFO:colcon.colcon_core.shell:Skip shell extension 'powershell' for command environment: Not usable outside of PowerShell
[2.130s] DEBUG:colcon.colcon_core.shell:Skip shell extension 'dsv' for command environment
[9.020s] DEBUG:colcon.colcon_core.event_handler.log_command:Invoking command in '/home/daniel/ros2_ws_v2/src/ros2_keypress/src/key_comm': DEBUGINFOD_URLS=https://debuginfod.ubuntu.com PYTHONPATH=/home/daniel/ros2_ws_v2/src/ros2_keypress/build/key_comm/prefix_override:/usr/lib/python3/dist-packages/colcon_core/task/python/colcon_distutils_commands:/home/daniel/ros2_ws_v2/src/ros2_keypress/install/key_comm/lib/python3.12/site-packages:${PYTHONPATH} /usr/bin/python3 -W ignore:setup.py install is deprecated -W ignore:easy_install command is deprecated setup.py egg_info --egg-base ../../build/key_comm build --build-base /home/daniel/ros2_ws_v2/src/ros2_keypress/build/key_comm/build install --record /home/daniel/ros2_ws_v2/src/ros2_keypress/build/key_comm/install.log --single-version-externally-managed install_data
[10.242s] DEBUG:colcon.colcon_core.event_handler.log_command:Invoked command in '/home/daniel/ros2_ws_v2/src/ros2_keypress/src/key_comm' returned '0': DEBUGINFOD_URLS=https://debuginfod.ubuntu.com PYTHONPATH=/home/daniel/ros2_ws_v2/src/ros2_keypress/build/key_comm/prefix_override:/usr/lib/python3/dist-packages/colcon_core/task/python/colcon_distutils_commands:/home/daniel/ros2_ws_v2/src/ros2_keypress/install/key_comm/lib/python3.12/site-packages:${PYTHONPATH} /usr/bin/python3 -W ignore:setup.py install is deprecated -W ignore:easy_install command is deprecated setup.py egg_info --egg-base ../../build/key_comm build --build-base /home/daniel/ros2_ws_v2/src/ros2_keypress/build/key_comm/build install --record /home/daniel/ros2_ws_v2/src/ros2_keypress/build/key_comm/install.log --single-version-externally-managed install_data
[10.381s] Level 1:colcon.colcon_core.environment:checking '/home/daniel/ros2_ws_v2/src/ros2_keypress/install/key_comm' for CMake module files
[10.384s] Level 1:colcon.colcon_core.environment:checking '/home/daniel/ros2_ws_v2/src/ros2_keypress/install/key_comm' for CMake config files
[10.386s] Level 1:colcon.colcon_core.environment:checking '/home/daniel/ros2_ws_v2/src/ros2_keypress/install/key_comm/lib'
[10.387s] Level 1:colcon.colcon_core.environment:checking '/home/daniel/ros2_ws_v2/src/ros2_keypress/install/key_comm/bin'
[10.388s] Level 1:colcon.colcon_core.environment:checking '/home/daniel/ros2_ws_v2/src/ros2_keypress/install/key_comm/lib/pkgconfig/key_comm.pc'
[10.389s] Level 1:colcon.colcon_core.environment:checking '/home/daniel/ros2_ws_v2/src/ros2_keypress/install/key_comm/lib/python3.12/site-packages'
[10.389s] Level 1:colcon.colcon_core.shell:create_environment_hook('key_comm', 'pythonpath')
[10.390s] INFO:colcon.colcon_core.shell:Creating environment hook '/home/daniel/ros2_ws_v2/src/ros2_keypress/install/key_comm/share/key_comm/hook/pythonpath.ps1'
[10.392s] INFO:colcon.colcon_core.shell:Creating environment descriptor '/home/daniel/ros2_ws_v2/src/ros2_keypress/install/key_comm/share/key_comm/hook/pythonpath.dsv'
[10.393s] INFO:colcon.colcon_core.shell:Creating environment hook '/home/daniel/ros2_ws_v2/src/ros2_keypress/install/key_comm/share/key_comm/hook/pythonpath.sh'
[10.397s] Level 1:colcon.colcon_core.environment:checking '/home/daniel/ros2_ws_v2/src/ros2_keypress/install/key_comm/bin'
[10.397s] Level 1:colcon.colcon_core.environment:create_environment_scripts_only(key_comm)
[10.399s] INFO:colcon.colcon_core.shell:Creating package script '/home/daniel/ros2_ws_v2/src/ros2_keypress/install/key_comm/share/key_comm/package.ps1'
[10.417s] INFO:colcon.colcon_core.shell:Creating package descriptor '/home/daniel/ros2_ws_v2/src/ros2_keypress/install/key_comm/share/key_comm/package.dsv'
[10.432s] INFO:colcon.colcon_core.shell:Creating package script '/home/daniel/ros2_ws_v2/src/ros2_keypress/install/key_comm/share/key_comm/package.sh'
[10.436s] INFO:colcon.colcon_core.shell:Creating package script '/home/daniel/ros2_ws_v2/src/ros2_keypress/install/key_comm/share/key_comm/package.bash'
[10.454s] INFO:colcon.colcon_core.shell:Creating package script '/home/daniel/ros2_ws_v2/src/ros2_keypress/install/key_comm/share/key_comm/package.zsh'
[10.461s] Level 1:colcon.colcon_core.environment:create_file_with_runtime_dependencies(/home/daniel/ros2_ws_v2/src/ros2_keypress/install/key_comm/share/colcon-core/packages/key_comm)
[10.462s] DEBUG:colcon.colcon_parallel_executor.executor.parallel:closing loop
[10.463s] DEBUG:colcon.colcon_parallel_executor.executor.parallel:loop closed
[10.463s] DEBUG:colcon.colcon_parallel_executor.executor.parallel:run_until_complete finished with '0'
[10.463s] DEBUG:colcon.colcon_core.event_reactor:joining thread
[10.505s] INFO:colcon.colcon_core.plugin_system:Skipping extension 'colcon_notification.desktop_notification.terminal_notifier': Not used on non-Darwin systems
[10.505s] INFO:colcon.colcon_core.plugin_system:Skipping extension 'colcon_notification.desktop_notification.win32': Not used on non-Windows systems
[10.505s] INFO:colcon.colcon_notification.desktop_notification:Sending desktop notification using 'notify2'
[10.552s] DEBUG:colcon.colcon_core.event_reactor:joined thread
[10.553s] INFO:colcon.colcon_core.shell:Creating prefix script '/home/daniel/ros2_ws_v2/src/ros2_keypress/install/local_setup.ps1'
[10.568s] INFO:colcon.colcon_core.shell:Creating prefix util module '/home/daniel/ros2_ws_v2/src/ros2_keypress/install/_local_setup_util_ps1.py'
[10.570s] INFO:colcon.colcon_core.shell:Creating prefix chain script '/home/daniel/ros2_ws_v2/src/ros2_keypress/install/setup.ps1'
[10.580s] INFO:colcon.colcon_core.shell:Creating prefix script '/home/daniel/ros2_ws_v2/src/ros2_keypress/install/local_setup.sh'
[10.582s] INFO:colcon.colcon_core.shell:Creating prefix util module '/home/daniel/ros2_ws_v2/src/ros2_keypress/install/_local_setup_util_sh.py'
[10.583s] INFO:colcon.colcon_core.shell:Creating prefix chain script '/home/daniel/ros2_ws_v2/src/ros2_keypress/install/setup.sh'
[10.585s] INFO:colcon.colcon_core.shell:Creating prefix script '/home/daniel/ros2_ws_v2/src/ros2_keypress/install/local_setup.bash'
[10.586s] INFO:colcon.colcon_core.shell:Creating prefix chain script '/home/daniel/ros2_ws_v2/src/ros2_keypress/install/setup.bash'
[10.589s] INFO:colcon.colcon_core.shell:Creating prefix script '/home/daniel/ros2_ws_v2/src/ros2_keypress/install/local_setup.zsh'
[10.591s] INFO:colcon.colcon_core.shell:Creating prefix chain script '/home/daniel/ros2_ws_v2/src/ros2_keypress/install/setup.zsh'
